  [1m[35m (0.2ms)[0m  [1m[34mSELECT sqlite_version(*)[0m
  [1m[35m (82.3ms)[0m  [1m[35mCREATE TABLE "schema_migrations" ("version" varchar NOT NULL PRIMARY KEY)[0m
  [1m[35m (113.4ms)[0m  [1m[35mCREATE TABLE "ar_internal_metadata" ("key" varchar NOT NULL PRIMARY KEY, "value" varchar, "created_at" datetime NOT NULL, "updated_at" datetime NOT NULL)[0m
  [1m[35m (0.6ms)[0m  [1m[34mSELECT "schema_migrations"."version" FROM "schema_migrations" ORDER BY "schema_migrations"."version" ASC[0m
Migrating to CreateArticles (20171112124551)
  [1m[35m (0.1ms)[0m  [1m[36mbegin transaction[0m
  [1m[35m (0.7ms)[0m  [1m[35mCREATE TABLE "articles" ("id" INTEGER PRIMARY KEY AUTOINCREMENT NOT NULL, "title" varchar, "text" text, "created_at" datetime NOT NULL, "updated_at" datetime NOT NULL)[0m
  [1m[35mSQL (0.3ms)[0m  [1m[32mINSERT INTO "schema_migrations" ("version") VALUES (?)[0m  [["version", "20171112124551"]]
  [1m[35m (97.2ms)[0m  [1m[36mcommit transaction[0m
  [1m[36mActiveRecord::InternalMetadata Load (0.4ms)[0m  [1m[34mSELECT  "ar_internal_metadata".* FROM "ar_internal_metadata" WHERE "ar_internal_metadata"."key" = ? LIMIT ?[0m  [["key", "environment"], ["LIMIT", 1]]
  [1m[35m (0.4ms)[0m  [1m[36mbegin transaction[0m
  [1m[35mSQL (0.4ms)[0m  [1m[32mINSERT INTO "ar_internal_metadata" ("key", "value", "created_at", "updated_at") VALUES (?, ?, ?, ?)[0m  [["key", "environment"], ["value", "development"], ["created_at", "2017-11-12 12:48:13.514997"], ["updated_at", "2017-11-12 12:48:13.514997"]]
  [1m[35m (53.0ms)[0m  [1m[36mcommit transaction[0m
  [1m[35m (0.2ms)[0m  [1m[34mSELECT "schema_migrations"."version" FROM "schema_migrations" ORDER BY "schema_migrations"."version" ASC[0m
Started GET "/" for 127.0.0.1 at 2017-11-12 21:03:09 +0800
  [1m[35m (0.3ms)[0m  [1m[34mSELECT "schema_migrations"."version" FROM "schema_migrations" ORDER BY "schema_migrations"."version" ASC[0m
Processing by Rails::WelcomeController#index as HTML
  Rendering /var/lib/gems/2.3.0/gems/railties-5.1.4/lib/rails/templates/rails/welcome/index.html.erb
  Rendered /var/lib/gems/2.3.0/gems/railties-5.1.4/lib/rails/templates/rails/welcome/index.html.erb (40.1ms)
Completed 200 OK in 80ms (Views: 51.8ms | ActiveRecord: 0.0ms)


Started GET "/" for 127.0.0.1 at 2017-11-12 21:03:31 +0800
Processing by Rails::WelcomeController#index as HTML
  Rendering /var/lib/gems/2.3.0/gems/railties-5.1.4/lib/rails/templates/rails/welcome/index.html.erb
  Rendered /var/lib/gems/2.3.0/gems/railties-5.1.4/lib/rails/templates/rails/welcome/index.html.erb (6.7ms)
Completed 200 OK in 11ms (Views: 8.5ms | ActiveRecord: 0.0ms)


Started GET "/article" for 127.0.0.1 at 2017-11-12 21:06:00 +0800
  
ActionController::RoutingError (No route matches [GET] "/article"):
  
actionpack (5.1.4) lib/action_dispatch/middleware/debug_exceptions.rb:63:in `call'
web-console (3.5.1) lib/web_console/middleware.rb:135:in `call_app'
web-console (3.5.1) lib/web_console/middleware.rb:28:in `block in call'
web-console (3.5.1) lib/web_console/middleware.rb:18:in `catch'
web-console (3.5.1) lib/web_console/middleware.rb:18:in `call'
actionpack (5.1.4) lib/action_dispatch/middleware/show_exceptions.rb:31:in `call'
railties (5.1.4) lib/rails/rack/logger.rb:36:in `call_app'
railties (5.1.4) lib/rails/rack/logger.rb:24:in `block in call'
activesupport (5.1.4) lib/active_support/tagged_logging.rb:69:in `block in tagged'
activesupport (5.1.4) lib/active_support/tagged_logging.rb:26:in `tagged'
activesupport (5.1.4) lib/active_support/tagged_logging.rb:69:in `tagged'
railties (5.1.4) lib/rails/rack/logger.rb:24:in `call'
sprockets-rails (3.2.1) lib/sprockets/rails/quiet_assets.rb:13:in `call'
actionpack (5.1.4) lib/action_dispatch/middleware/remote_ip.rb:79:in `call'
actionpack (5.1.4) lib/action_dispatch/middleware/request_id.rb:25:in `call'
rack (2.0.3) lib/rack/method_override.rb:22:in `call'
rack (2.0.3) lib/rack/runtime.rb:22:in `call'
activesupport (5.1.4) lib/active_support/cache/strategy/local_cache_middleware.rb:27:in `call'
actionpack (5.1.4) lib/action_dispatch/middleware/executor.rb:12:in `call'
actionpack (5.1.4) lib/action_dispatch/middleware/static.rb:125:in `call'
rack (2.0.3) lib/rack/sendfile.rb:111:in `call'
railties (5.1.4) lib/rails/engine.rb:522:in `call'
puma (3.10.0) lib/puma/configuration.rb:225:in `call'
puma (3.10.0) lib/puma/server.rb:605:in `handle_request'
puma (3.10.0) lib/puma/server.rb:437:in `process_client'
puma (3.10.0) lib/puma/server.rb:301:in `block in run'
puma (3.10.0) lib/puma/thread_pool.rb:120:in `block in spawn_thread'
Started GET "/articles" for 127.0.0.1 at 2017-11-12 21:06:06 +0800
Processing by ArticlesController#index as HTML
  Rendering articles/index.html.erb within layouts/application
  [1m[36mArticle Load (0.3ms)[0m  [1m[34mSELECT "articles".* FROM "articles"[0m
  Rendered articles/index.html.erb within layouts/application (4.3ms)
Completed 200 OK in 1805ms (Views: 1796.5ms | ActiveRecord: 0.7ms)


Started GET "/articles/new" for 127.0.0.1 at 2017-11-12 21:06:10 +0800
Processing by ArticlesController#new as HTML
  Rendering articles/new.html.erb within layouts/application
  Rendered articles/_form.html.erb (27.9ms)
  Rendered articles/new.html.erb within layouts/application (29.8ms)
Completed 200 OK in 73ms (Views: 58.1ms | ActiveRecord: 0.7ms)


Started POST "/articles" for 127.0.0.1 at 2017-11-12 21:06:15 +0800
Processing by ArticlesController#create as HTML
  Parameters: {"utf8"=>"âœ“", "authenticity_token"=>"v0gNeoSijeQ3GK20Lu9stjbHWnZYUbRZRtBp/1/TY/gTsRp3rQL6by+noIIYfesms1BWKK04SPywRJ8yxy3Dzw==", "article"=>{"title"=>"111", "text"=>"2121"}, "commit"=>"Create Article"}
  [1m[35m (0.2ms)[0m  [1m[36mbegin transaction[0m
  [1m[35mSQL (2.1ms)[0m  [1m[32mINSERT INTO "articles" ("title", "text", "created_at", "updated_at") VALUES (?, ?, ?, ?)[0m  [["title", "111"], ["text", "2121"], ["created_at", "2017-11-12 13:06:15.244162"], ["updated_at", "2017-11-12 13:06:15.244162"]]
  [1m[35m (73.8ms)[0m  [1m[36mcommit transaction[0m
Redirected to http://0.0.0.0:3000/articles/1
Completed 302 Found in 86ms (ActiveRecord: 76.1ms)


Started GET "/articles/1" for 127.0.0.1 at 2017-11-12 21:06:15 +0800
Processing by ArticlesController#show as HTML
  Parameters: {"id"=>"1"}
  [1m[36mArticle Load (0.4ms)[0m  [1m[34mSELECT  "articles".* FROM "articles" WHERE "articles"."id" = ? LIMIT ?[0m  [["id", 1], ["LIMIT", 1]]
  Rendering articles/show.html.erb within layouts/application
  Rendered articles/show.html.erb within layouts/application (1.3ms)
Completed 200 OK in 58ms (Views: 28.7ms | ActiveRecord: 0.4ms)


Started GET "/articles/1/edit" for 127.0.0.1 at 2017-11-12 21:06:18 +0800
Processing by ArticlesController#edit as HTML
  Parameters: {"id"=>"1"}
  [1m[36mArticle Load (0.2ms)[0m  [1m[34mSELECT  "articles".* FROM "articles" WHERE "articles"."id" = ? LIMIT ?[0m  [["id", 1], ["LIMIT", 1]]
  Rendering articles/edit.html.erb within layouts/application
  Rendered articles/_form.html.erb (4.1ms)
  Rendered articles/edit.html.erb within layouts/application (6.3ms)
Completed 200 OK in 35ms (Views: 31.8ms | ActiveRecord: 0.2ms)


Started GET "/articles" for 127.0.0.1 at 2017-11-12 21:06:21 +0800
Processing by ArticlesController#index as HTML
  Rendering articles/index.html.erb within layouts/application
  [1m[36mArticle Load (0.4ms)[0m  [1m[34mSELECT "articles".* FROM "articles"[0m
  Rendered articles/index.html.erb within layouts/application (3.7ms)
Completed 200 OK in 32ms (Views: 29.6ms | ActiveRecord: 0.4ms)


Started GET "/articles/1/edit" for 127.0.0.1 at 2017-11-12 21:06:22 +0800
Processing by ArticlesController#edit as HTML
  Parameters: {"id"=>"1"}
  [1m[36mArticle Load (0.3ms)[0m  [1m[34mSELECT  "articles".* FROM "articles" WHERE "articles"."id" = ? LIMIT ?[0m  [["id", 1], ["LIMIT", 1]]
  Rendering articles/edit.html.erb within layouts/application
  Rendered articles/_form.html.erb (4.1ms)
  Rendered articles/edit.html.erb within layouts/application (5.9ms)
Completed 200 OK in 37ms (Views: 33.6ms | ActiveRecord: 0.3ms)


Started PATCH "/articles/1" for 127.0.0.1 at 2017-11-12 21:06:28 +0800
Processing by ArticlesController#update as HTML
  Parameters: {"utf8"=>"âœ“", "authenticity_token"=>"p7dc85r3xIsZuZc8hHmiohvCkd9HJX3hEdU0DfHAI/GJ/esqUarNDQNihGsdpfD0tiCgHw1tqDX2NOa+6YetuA==", "article"=>{"title"=>"", "text"=>""}, "commit"=>"Update Article", "id"=>"1"}
  [1m[36mArticle Load (0.2ms)[0m  [1m[34mSELECT  "articles".* FROM "articles" WHERE "articles"."id" = ? LIMIT ?[0m  [["id", 1], ["LIMIT", 1]]
  [1m[35m (0.1ms)[0m  [1m[36mbegin transaction[0m
  [1m[35m (0.1ms)[0m  [1m[31mrollback transaction[0m
  Rendering articles/edit.html.erb within layouts/application
  Rendered articles/_form.html.erb (6.9ms)
  Rendered articles/edit.html.erb within layouts/application (9.3ms)
Completed 200 OK in 48ms (Views: 40.7ms | ActiveRecord: 0.4ms)


Started GET "/articles" for 127.0.0.1 at 2017-11-12 21:06:32 +0800
Processing by ArticlesController#index as HTML
  Rendering articles/index.html.erb within layouts/application
  [1m[36mArticle Load (0.4ms)[0m  [1m[34mSELECT "articles".* FROM "articles"[0m
  Rendered articles/index.html.erb within layouts/application (4.0ms)
Completed 200 OK in 35ms (Views: 31.9ms | ActiveRecord: 0.4ms)


Started DELETE "/articles/1" for 127.0.0.1 at 2017-11-12 21:06:34 +0800
Processing by ArticlesController#destroy as HTML
  Parameters: {"authenticity_token"=>"vRoFTm7bbIETiG144gCECNReKyHSFHSTrbqiejoaADdsviCycUtCGD0Mm3sO75giM/YnPXbxU6trKiHKKngNDQ==", "id"=>"1"}
  [1m[36mArticle Load (0.2ms)[0m  [1m[34mSELECT  "articles".* FROM "articles" WHERE "articles"."id" = ? LIMIT ?[0m  [["id", 1], ["LIMIT", 1]]
  [1m[35m (0.1ms)[0m  [1m[36mbegin transaction[0m
  [1m[35mSQL (46.5ms)[0m  [1m[31mDELETE FROM "articles" WHERE "articles"."id" = ?[0m  [["id", 1]]
  [1m[35m (91.9ms)[0m  [1m[36mcommit transaction[0m
Redirected to http://0.0.0.0:3000/articles
Completed 302 Found in 145ms (ActiveRecord: 138.7ms)


Started GET "/articles" for 127.0.0.1 at 2017-11-12 21:06:34 +0800
Processing by ArticlesController#index as HTML
  Rendering articles/index.html.erb within layouts/application
  [1m[36mArticle Load (0.2ms)[0m  [1m[34mSELECT "articles".* FROM "articles"[0m
  Rendered articles/index.html.erb within layouts/application (2.8ms)
Completed 200 OK in 38ms (Views: 35.7ms | ActiveRecord: 0.2ms)


Started GET "/articles/new" for 127.0.0.1 at 2017-11-12 21:06:36 +0800
Processing by ArticlesController#new as HTML
  Rendering articles/new.html.erb within layouts/application
  Rendered articles/_form.html.erb (5.2ms)
  Rendered articles/new.html.erb within layouts/application (7.6ms)
Completed 200 OK in 44ms (Views: 41.6ms | ActiveRecord: 0.0ms)


Started POST "/articles" for 127.0.0.1 at 2017-11-12 21:06:40 +0800
Processing by ArticlesController#create as HTML
  Parameters: {"utf8"=>"âœ“", "authenticity_token"=>"jDoQFrDNvlhomnMg9ApcoHZ52kvTNb0rtoMyFBaXzI8gwwcbmW3J03AlfhbCmNsw8+7WFSZcQY5AF8TZjmlsuA==", "article"=>{"title"=>"aaaa", "text"=>"aaaaa"}, "commit"=>"Create Article"}
  [1m[35m (0.1ms)[0m  [1m[36mbegin transaction[0m
  [1m[35mSQL (1.9ms)[0m  [1m[32mINSERT INTO "articles" ("title", "text", "created_at", "updated_at") VALUES (?, ?, ?, ?)[0m  [["title", "aaaa"], ["text", "aaaaa"], ["created_at", "2017-11-12 13:06:40.882241"], ["updated_at", "2017-11-12 13:06:40.882241"]]
  [1m[35m (365.5ms)[0m  [1m[36mcommit transaction[0m
Redirected to http://0.0.0.0:3000/articles/2
Completed 302 Found in 374ms (ActiveRecord: 367.5ms)


Started GET "/articles/2" for 127.0.0.1 at 2017-11-12 21:06:41 +0800
Processing by ArticlesController#show as HTML
  Parameters: {"id"=>"2"}
  [1m[36mArticle Load (0.2ms)[0m  [1m[34mSELECT  "articles".* FROM "articles" WHERE "articles"."id" = ? LIMIT ?[0m  [["id", 2], ["LIMIT", 1]]
  Rendering articles/show.html.erb within layouts/application
  Rendered articles/show.html.erb within layouts/application (1.6ms)
Completed 200 OK in 36ms (Views: 32.5ms | ActiveRecord: 0.2ms)


Started GET "/articles/new" for 127.0.0.1 at 2017-11-12 21:06:46 +0800
Processing by ArticlesController#new as HTML
  Rendering articles/new.html.erb within layouts/application
  Rendered articles/_form.html.erb (5.0ms)
  Rendered articles/new.html.erb within layouts/application (7.4ms)
Completed 200 OK in 47ms (Views: 44.5ms | ActiveRecord: 0.0ms)


Started GET "/articles" for 127.0.0.1 at 2017-11-12 21:06:50 +0800
Processing by ArticlesController#index as HTML
  Rendering articles/index.html.erb within layouts/application
  [1m[36mArticle Load (0.3ms)[0m  [1m[34mSELECT "articles".* FROM "articles"[0m
  Rendered articles/index.html.erb within layouts/application (3.2ms)
Completed 200 OK in 43ms (Views: 40.4ms | ActiveRecord: 0.3ms)


Started GET "/articles/new" for 127.0.0.1 at 2017-11-12 21:06:53 +0800
Processing by ArticlesController#new as HTML
  Rendering articles/new.html.erb within layouts/application
  Rendered articles/_form.html.erb (16.5ms)
  Rendered articles/new.html.erb within layouts/application (19.5ms)
Completed 200 OK in 63ms (Views: 60.3ms | ActiveRecord: 0.0ms)


Started POST "/articles" for 127.0.0.1 at 2017-11-12 21:07:25 +0800
Processing by ArticlesController#create as HTML
  Parameters: {"utf8"=>"âœ“", "authenticity_token"=>"ufFeSey0DiHhfKfkAP1z9tKc0SWJC220Vhml1wCgQWAVCElExRR5qvnDqtI2b/RmVwvde3xikRGgjVMamF7hVw==", "article"=>{"title"=>"å¢žåŠ äº†ä¸€ç¯‡æ–°çš„æ–‡ç« ", "text"=>"20171112å¼ æ°¸å®"}, "commit"=>"Create Article"}
  [1m[35m (0.1ms)[0m  [1m[36mbegin transaction[0m
  [1m[35mSQL (1.9ms)[0m  [1m[32mINSERT INTO "articles" ("title", "text", "created_at", "updated_at") VALUES (?, ?, ?, ?)[0m  [["title", "å¢žåŠ äº†ä¸€ç¯‡æ–°çš„æ–‡ç« "], ["text", "20171112å¼ æ°¸å®"], ["created_at", "2017-11-12 13:07:25.806959"], ["updated_at", "2017-11-12 13:07:25.806959"]]
  [1m[35m (117.5ms)[0m  [1m[36mcommit transaction[0m
Redirected to http://0.0.0.0:3000/articles/3
Completed 302 Found in 127ms (ActiveRecord: 119.5ms)


Started GET "/articles/3" for 127.0.0.1 at 2017-11-12 21:07:25 +0800
Processing by ArticlesController#show as HTML
  Parameters: {"id"=>"3"}
  [1m[36mArticle Load (0.2ms)[0m  [1m[34mSELECT  "articles".* FROM "articles" WHERE "articles"."id" = ? LIMIT ?[0m  [["id", 3], ["LIMIT", 1]]
  Rendering articles/show.html.erb within layouts/application
  Rendered articles/show.html.erb within layouts/application (1.6ms)
Completed 200 OK in 48ms (Views: 44.9ms | ActiveRecord: 0.2ms)


Started GET "/articles" for 127.0.0.1 at 2017-11-12 21:07:29 +0800
Processing by ArticlesController#index as HTML
  Rendering articles/index.html.erb within layouts/application
  [1m[36mArticle Load (0.3ms)[0m  [1m[34mSELECT "articles".* FROM "articles"[0m
  Rendered articles/index.html.erb within layouts/application (4.1ms)
Completed 200 OK in 43ms (Views: 40.2ms | ActiveRecord: 0.3ms)


Started GET "/articles/3" for 127.0.0.1 at 2017-11-12 21:07:35 +0800
Processing by ArticlesController#show as HTML
  Parameters: {"id"=>"3"}
  [1m[36mArticle Load (0.2ms)[0m  [1m[34mSELECT  "articles".* FROM "articles" WHERE "articles"."id" = ? LIMIT ?[0m  [["id", 3], ["LIMIT", 1]]
  Rendering articles/show.html.erb within layouts/application
  Rendered articles/show.html.erb within layouts/application (1.2ms)
Completed 200 OK in 42ms (Views: 38.3ms | ActiveRecord: 0.2ms)


Started GET "/articles" for 127.0.0.1 at 2017-11-12 21:07:37 +0800
Processing by ArticlesController#index as HTML
  Rendering articles/index.html.erb within layouts/application
  [1m[36mArticle Load (0.4ms)[0m  [1m[34mSELECT "articles".* FROM "articles"[0m
  Rendered articles/index.html.erb within layouts/application (4.9ms)
Completed 200 OK in 48ms (Views: 45.5ms | ActiveRecord: 0.4ms)


Started GET "/articles/3/edit" for 127.0.0.1 at 2017-11-12 21:08:26 +0800
Processing by ArticlesController#edit as HTML
  Parameters: {"id"=>"3"}
  [1m[36mArticle Load (0.2ms)[0m  [1m[34mSELECT  "articles".* FROM "articles" WHERE "articles"."id" = ? LIMIT ?[0m  [["id", 3], ["LIMIT", 1]]
  Rendering articles/edit.html.erb within layouts/application
  Rendered articles/_form.html.erb (4.3ms)
  Rendered articles/edit.html.erb within layouts/application (6.3ms)
Completed 200 OK in 42ms (Views: 39.2ms | ActiveRecord: 0.2ms)


Started PATCH "/articles/3" for 127.0.0.1 at 2017-11-12 21:08:59 +0800
Processing by ArticlesController#update as HTML
  Parameters: {"utf8"=>"âœ“", "authenticity_token"=>"B1cEMZZV/l2DVbw4dNH0CPbbrtGVwc0zajfPlHF5MyzwUpteUKOSsizRQ98H/jPDxxhxiru5dD99J5ahzchTgQ==", "article"=>{"title"=>"å¢žåŠ äº†ä¸€ç¯‡æ–°çš„æ–‡ç« ï¼ˆä¿®æ”¹æ–‡ç« ï¼‰", "text"=>"20171112å¼ æ°¸å®"}, "commit"=>"Update Article", "id"=>"3"}
  [1m[36mArticle Load (0.3ms)[0m  [1m[34mSELECT  "articles".* FROM "articles" WHERE "articles"."id" = ? LIMIT ?[0m  [["id", 3], ["LIMIT", 1]]
  [1m[35m (0.1ms)[0m  [1m[36mbegin transaction[0m
  [1m[35mSQL (12.2ms)[0m  [1m[33mUPDATE "articles" SET "title" = ?, "updated_at" = ? WHERE "articles"."id" = ?[0m  [["title", "å¢žåŠ äº†ä¸€ç¯‡æ–°çš„æ–‡ç« ï¼ˆä¿®æ”¹æ–‡ç« ï¼‰"], ["updated_at", "2017-11-12 13:08:59.941467"], ["id", 3]]
  [1m[35m (162.8ms)[0m  [1m[36mcommit transaction[0m
Redirected to http://0.0.0.0:3000/articles/3
Completed 302 Found in 184ms (ActiveRecord: 175.4ms)


Started GET "/articles/3" for 127.0.0.1 at 2017-11-12 21:09:00 +0800
Processing by ArticlesController#show as HTML
  Parameters: {"id"=>"3"}
  [1m[36mArticle Load (0.2ms)[0m  [1m[34mSELECT  "articles".* FROM "articles" WHERE "articles"."id" = ? LIMIT ?[0m  [["id", 3], ["LIMIT", 1]]
  Rendering articles/show.html.erb within layouts/application
  Rendered articles/show.html.erb within layouts/application (1.3ms)
Completed 200 OK in 33ms (Views: 29.5ms | ActiveRecord: 0.2ms)


Started GET "/articles" for 127.0.0.1 at 2017-11-12 21:09:26 +0800
Processing by ArticlesController#index as HTML
  Rendering articles/index.html.erb within layouts/application
  [1m[36mArticle Load (0.3ms)[0m  [1m[34mSELECT "articles".* FROM "articles"[0m
  Rendered articles/index.html.erb within layouts/application (3.7ms)
Completed 200 OK in 32ms (Views: 30.5ms | ActiveRecord: 0.3ms)


Started DELETE "/articles/2" for 127.0.0.1 at 2017-11-12 21:09:59 +0800
Processing by ArticlesController#destroy as HTML
  Parameters: {"authenticity_token"=>"p7rw5KZybQyv2pdBPmvEQcmQwHph5ELKncG5PvYcPDx2HtUYueJDlYFeYULShNhrLjjMZsUBZfJbUTqO5n4xBg==", "id"=>"2"}
  [1m[36mArticle Load (0.2ms)[0m  [1m[34mSELECT  "articles".* FROM "articles" WHERE "articles"."id" = ? LIMIT ?[0m  [["id", 2], ["LIMIT", 1]]
  [1m[35m (0.1ms)[0m  [1m[36mbegin transaction[0m
  [1m[35mSQL (1.2ms)[0m  [1m[31mDELETE FROM "articles" WHERE "articles"."id" = ?[0m  [["id", 2]]
  [1m[35m (60.7ms)[0m  [1m[36mcommit transaction[0m
Redirected to http://0.0.0.0:3000/articles
Completed 302 Found in 69ms (ActiveRecord: 62.2ms)


Started GET "/articles" for 127.0.0.1 at 2017-11-12 21:09:59 +0800
Processing by ArticlesController#index as HTML
  Rendering articles/index.html.erb within layouts/application
  [1m[36mArticle Load (0.4ms)[0m  [1m[34mSELECT "articles".* FROM "articles"[0m
  Rendered articles/index.html.erb within layouts/application (3.5ms)
Completed 200 OK in 36ms (Views: 33.3ms | ActiveRecord: 0.4ms)


Started GET "/articles/new" for 127.0.0.1 at 2017-11-12 21:10:34 +0800
Processing by ArticlesController#new as HTML
  Rendering articles/new.html.erb within layouts/application
  Rendered articles/_form.html.erb (4.6ms)
  Rendered articles/new.html.erb within layouts/application (6.6ms)
Completed 200 OK in 43ms (Views: 40.8ms | ActiveRecord: 0.0ms)


Started GET "/articles" for 127.0.0.1 at 2017-11-12 21:10:37 +0800
Processing by ArticlesController#index as HTML
  Rendering articles/index.html.erb within layouts/application
  [1m[36mArticle Load (0.4ms)[0m  [1m[34mSELECT "articles".* FROM "articles"[0m
  Rendered articles/index.html.erb within layouts/application (4.1ms)
Completed 200 OK in 37ms (Views: 34.7ms | ActiveRecord: 0.4ms)


